<?xml version="1.0" encoding="UTF-8"?>
<coverage generated="1497781000452" clover="3.2.0">
  <project timestamp="1497781000453" name="All files">
    <metrics statements="18" coveredstatements="15" conditionals="5" coveredconditionals="3" methods="5" coveredmethods="4" elements="28" coveredelements="22" complexity="0" loc="18" ncloc="18" packages="1" files="1" classes="1">
      <file name="index.tsx" path="/Users/dennistheotokatos/dev/anel/dev/repos/libraries/dyna-ts-react-component-boilerplate/src/index.tsx">
        <metrics statements="18" coveredstatements="15" conditionals="5" coveredconditionals="3" methods="5" coveredmethods="4"/>
        <line num="2" count="2" type="stmt"/>
        <line num="3" count="2" type="stmt"/>
        <line num="4" count="2" type="stmt"/>
        <line num="5" count="2" type="stmt"/>
        <line num="7" count="2" type="stmt"/>
        <line num="8" count="2" type="stmt"/>
        <line num="9" count="2" type="stmt"/>
        <line num="10" count="2" type="stmt"/>
        <line num="14" count="1" type="stmt"/>
        <line num="17" count="1" type="cond" truecount="1" falsecount="2"/>
        <line num="18" count="0" type="stmt"/>
        <line num="19" count="0" type="stmt"/>
        <line num="20" count="1" type="stmt"/>
        <line num="25" count="1" type="stmt"/>
        <line num="26" count="1" type="stmt"/>
        <line num="29" count="2" type="stmt"/>
        <line num="32" count="0" type="stmt"/>
        <line num="34" count="2" type="stmt"/>
      </file>
    </metrics>
  </project>
</coverage>
