{"/Users/dennistheotokatos/dev/anel/dev/repos/libraries/dyna-ts-react-component-boilerplate/src/index.tsx": {"path":"/Users/dennistheotokatos/dev/anel/dev/repos/libraries/dyna-ts-react-component-boilerplate/src/index.tsx","statementMap":{"0":{"start":{"line":2,"column":0},"end":{"line":2,"column":62}},"1":{"start":{"line":3,"column":14},"end":{"line":3,"column":30}},"2":{"start":{"line":4,"column":21},"end":{"line":4,"column":44}},"3":{"start":{"line":5,"column":21},"end":{"line":5,"column":44}},"4":{"start":{"line":7,"column":0},"end":{"line":11,"column":68}},"5":{"start":{"line":8,"column":4},"end":{"line":8,"column":46}},"6":{"start":{"line":9,"column":4},"end":{"line":9,"column":54}},"7":{"start":{"line":10,"column":4},"end":{"line":10,"column":52}},"8":{"start":{"line":14,"column":8},"end":{"line":14,"column":30}},"9":{"start":{"line":17,"column":8},"end":{"line":21,"column":9}},"10":{"start":{"line":18,"column":33},"end":{"line":18,"column":58}},"11":{"start":{"line":19,"column":37},"end":{"line":19,"column":66}},"12":{"start":{"line":20,"column":36},"end":{"line":20,"column":64}},"13":{"start":{"line":25,"column":24},"end":{"line":25,"column":110}},"14":{"start":{"line":26,"column":8},"end":{"line":26,"column":122}},"15":{"start":{"line":29,"column":0},"end":{"line":33,"column":2}},"16":{"start":{"line":32,"column":19},"end":{"line":32,"column":28}},"17":{"start":{"line":34,"column":0},"end":{"line":34,"column":30}}},"fnMap":{"0":{"name":"(anonymous_0)","decl":{"start":{"line":7,"column":1},"end":{"line":7,"column":2}},"loc":{"start":{"line":7,"column":24},"end":{"line":11,"column":1}},"line":7},"1":{"name":"(anonymous_1)","decl":{"start":{"line":13,"column":4},"end":{"line":13,"column":5}},"loc":{"start":{"line":13,"column":32},"end":{"line":15,"column":5}},"line":13},"2":{"name":"(anonymous_2)","decl":{"start":{"line":16,"column":4},"end":{"line":16,"column":5}},"loc":{"start":{"line":16,"column":27},"end":{"line":22,"column":5}},"line":16},"3":{"name":"(anonymous_3)","decl":{"start":{"line":23,"column":4},"end":{"line":23,"column":5}},"loc":{"start":{"line":23,"column":13},"end":{"line":27,"column":5}},"line":23},"4":{"name":"(anonymous_4)","decl":{"start":{"line":32,"column":13},"end":{"line":32,"column":14}},"loc":{"start":{"line":32,"column":19},"end":{"line":32,"column":28}},"line":32}},"branchMap":{"0":{"loc":{"start":{"line":11,"column":17},"end":{"line":11,"column":66}},"type":"binary-expr","locations":[{"start":{"line":11,"column":17},"end":{"line":11,"column":36}},{"start":{"line":11,"column":41},"end":{"line":11,"column":65}}],"line":11},"1":{"loc":{"start":{"line":17,"column":8},"end":{"line":21,"column":9}},"type":"switch","locations":[{"start":{"line":18,"column":12},"end":{"line":18,"column":58}},{"start":{"line":19,"column":12},"end":{"line":19,"column":66}},{"start":{"line":20,"column":12},"end":{"line":20,"column":64}}],"line":17}},"s":{"0":2,"1":2,"2":2,"3":2,"4":2,"5":2,"6":2,"7":2,"8":1,"9":1,"10":0,"11":0,"12":1,"13":1,"14":1,"15":2,"16":0,"17":2},"f":{"0":2,"1":1,"2":1,"3":1,"4":0},"b":{"0":[2,2],"1":[0,0,1]},"inputSourceMap":{"version":3,"file":"index.js","sourceRoot":"","sources":["index.tsx"],"names":[],"mappings":";;AAAA,+BAA+B;AAI/B,IAAK,cAAc,GAAQ,OAAO,CAAC,cAAc,CAAC,CAAC;AACnD,IAAK,cAAc,GAAQ,OAAO,CAAC,cAAc,CAAC,CAAC;AAEnD,IAAY,WAEX;AAFD,WAAY,WAAW;IACrB,yCAAE,CAAA;IAAE,iDAAM,CAAA;IAAE,+CAAK,CAAA;AACnB,CAAC,EAFW,WAAW,GAAX,mBAAW,KAAX,mBAAW,QAEtB;AAUD,iBACkB,SAAQ,KAAK,CAAC,SAA+C;IAO7E,YAAY,KAAwB,EAAE,OAAY;QAChD,KAAK,CAAC,KAAK,EAAE,OAAO,CAAC,CAAC;IACxB,CAAC;IAED,IAAY,gBAAgB;QAC1B,MAAM,CAAC,CAAC,IAAI,CAAC,KAAK,CAAC,UAAU,CAAC,CAAA,CAAC;YAC7B,KAAK,WAAW,CAAC,EAAE,EAAE,MAAM,CAAC,cAAc,CAAC,EAAE,CAAC;YAC9C,KAAK,WAAW,CAAC,MAAM,EAAE,MAAM,CAAC,cAAc,CAAC,MAAM,CAAC;YACtD,KAAK,WAAW,CAAC,KAAK,EAAE,MAAM,CAAC,cAAc,CAAC,KAAK,CAAC;QACtD,CAAC;IACH,CAAC;IAEM,MAAM;QACX,YAAY;QACZ,IAAI,SAAS,GAAU,GAAG,cAAc,CAAC,WAAW,IAAI,cAAc,CAAC,WAAW,IAAI,IAAI,CAAC,gBAAgB,EAAE,CAAC;QAC9G,MAAM,CAAC,CACL,gCAAQ,SAAS,EAAE,SAAS,EAAE,OAAO,EAAE,IAAI,CAAC,KAAK,CAAC,OAAO,IACtD,IAAI,CAAC,KAAK,CAAC,OAAO,CACZ,CACV,CAAC;IACJ,CAAC;;AA1Ba,wBAAY,GAAsB;IAC9C,OAAO,EAAE,EAAE;IACX,UAAU,EAAE,WAAW,CAAC,KAAK;IAC7B,OAAO,EAAE,MAAM,SAAS;CACzB,CAAC;AANJ,8BA8BC","sourcesContent":["import * as React from 'react';\n\nimport {MouseEventHandler} from \"@types/react\";\n\nlet  stylesFromLess: any = require(\"./index.less\");\nlet  stylesFromScss: any = require(\"./index.scss\");\n\nexport enum EButtonType {\n  OK, CANCEL, OTHER\n}\n\nexport interface IPlainButtonProps {\n  caption: string;\n  buttonType?: EButtonType;\n  onClick?: MouseEventHandler<any>;\n}\nexport interface IPlainButtonState {\n}\n\nexport default\nclass PlainButton extends React.Component<IPlainButtonProps, IPlainButtonState> {\n  public static defaultProps: IPlainButtonProps = {\n    caption: '',\n    buttonType: EButtonType.OTHER,\n    onClick: () => undefined,\n  };\n\n  constructor(props: IPlainButtonProps, context: any) {\n    super(props, context);\n  }\n\n  private get getTypeClassName():string{\n    switch (this.props.buttonType){\n      case EButtonType.OK: return stylesFromLess.ok;\n      case EButtonType.CANCEL: return stylesFromLess.cancel;\n      case EButtonType.OTHER: return stylesFromLess.other;\n    }\n  }\n\n  public render(): JSX.Element {\n    // ReactDOM;\n    let className:string = `${stylesFromLess.plainButton} ${stylesFromScss.plainButton} ${this.getTypeClassName}`;\n    return (\n      <button className={className} onClick={this.props.onClick}>\n        {this.props.caption}\n      </button>\n    );\n  }\n\n}\n\n"]},"_coverageSchema":"332fd63041d2c1bcb487cc26dd0d5f7d97098a6c","hash":"46ed0270e6f74431dcd1c157236d4b0ca010b69b"}
}
