TN:
SF:/Users/dennistheotokatos/dev/anel/dev/repos/libraries/dyna-ts-react-component-boilerplate/src/index.tsx
FN:7,(anonymous_0)
FN:13,(anonymous_1)
FN:16,(anonymous_2)
FN:23,(anonymous_3)
FN:32,(anonymous_4)
FNF:5
FNH:4
FNDA:2,(anonymous_0)
FNDA:1,(anonymous_1)
FNDA:1,(anonymous_2)
FNDA:1,(anonymous_3)
FNDA:0,(anonymous_4)
DA:2,2
DA:3,2
DA:4,2
DA:5,2
DA:7,2
DA:8,2
DA:9,2
DA:10,2
DA:14,1
DA:17,1
DA:18,0
DA:19,0
DA:20,1
DA:25,1
DA:26,1
DA:29,2
DA:32,0
DA:34,2
LF:18
LH:15
BRDA:11,0,0,2
BRDA:11,0,1,2
BRDA:17,1,0,0
BRDA:17,1,1,0
BRDA:17,1,2,1
BRF:5
BRH:3
end_of_record
